2020-05-27 20:05:00 INFO  Base:27 - Starting Test Case : doLogin
2020-05-27 20:05:00 INFO  Base:50 - Inside PayloadConverter function
2020-05-27 20:05:00 INFO  URL:17 - URI End Point : http://localhost:8080/rest/auth/1/session
2020-05-27 20:05:00 INFO  Base:74 - Inside POSTRequest call
2020-05-27 20:05:01 DEBUG BasicClientConnectionManager:164 - Get connection for route {}->http://localhost:8080
2020-05-27 20:05:01 DEBUG DefaultClientConnectionOperator:176 - Connecting to localhost:8080
2020-05-27 20:05:01 DEBUG RequestAddCookies:122 - CookieSpec selected: ignoreCookies
2020-05-27 20:05:01 DEBUG RequestAuthCache:76 - Auth cache not set in the context
2020-05-27 20:05:01 DEBUG RequestTargetAuthentication:79 - Target auth state: UNCHALLENGED
2020-05-27 20:05:01 DEBUG RequestProxyAuthentication:88 - Proxy auth state: UNCHALLENGED
2020-05-27 20:05:01 DEBUG DefaultHttpClient:684 - Attempt 1 to execute request
2020-05-27 20:05:01 DEBUG DefaultClientConnection:276 - Sending request: POST /rest/auth/1/session HTTP/1.1
2020-05-27 20:05:01 DEBUG wire:72 -  >> "POST /rest/auth/1/session HTTP/1.1[\r][\n]"
2020-05-27 20:05:01 DEBUG wire:72 -  >> "Accept: */*[\r][\n]"
2020-05-27 20:05:01 DEBUG wire:72 -  >> "Content-Type: application/json; charset=UTF-8[\r][\n]"
2020-05-27 20:05:01 DEBUG wire:72 -  >> "Content-Length: 51[\r][\n]"
2020-05-27 20:05:01 DEBUG wire:72 -  >> "Host: localhost:8080[\r][\n]"
2020-05-27 20:05:01 DEBUG wire:72 -  >> "Connection: Keep-Alive[\r][\n]"
2020-05-27 20:05:01 DEBUG wire:72 -  >> "User-Agent: Apache-HttpClient/4.5.2 (Java/1.8.0_181)[\r][\n]"
2020-05-27 20:05:01 DEBUG wire:72 -  >> "Accept-Encoding: gzip,deflate[\r][\n]"
2020-05-27 20:05:01 DEBUG wire:72 -  >> "[\r][\n]"
2020-05-27 20:05:01 DEBUG headers:280 - >> POST /rest/auth/1/session HTTP/1.1
2020-05-27 20:05:01 DEBUG headers:283 - >> Accept: */*
2020-05-27 20:05:01 DEBUG headers:283 - >> Content-Type: application/json; charset=UTF-8
2020-05-27 20:05:01 DEBUG headers:283 - >> Content-Length: 51
2020-05-27 20:05:01 DEBUG headers:283 - >> Host: localhost:8080
2020-05-27 20:05:01 DEBUG headers:283 - >> Connection: Keep-Alive
2020-05-27 20:05:01 DEBUG headers:283 - >> User-Agent: Apache-HttpClient/4.5.2 (Java/1.8.0_181)
2020-05-27 20:05:01 DEBUG headers:283 - >> Accept-Encoding: gzip,deflate
2020-05-27 20:05:01 DEBUG wire:72 -  >> "{[\n]"
2020-05-27 20:05:01 DEBUG wire:72 -  >> "  "username":"jahidul2543",[\n]"
2020-05-27 20:05:01 DEBUG wire:72 -  >> "  "password":"test"[\n]"
2020-05-27 20:05:01 DEBUG wire:86 -  >> "}"
2020-05-27 20:05:01 DEBUG wire:72 -  << "HTTP/1.1 200 [\r][\n]"
2020-05-27 20:05:01 DEBUG wire:72 -  << "X-AREQUESTID: 1205x861x1[\r][\n]"
2020-05-27 20:05:01 DEBUG wire:72 -  << "X-XSS-Protection: 1; mode=block[\r][\n]"
2020-05-27 20:05:01 DEBUG wire:72 -  << "X-Content-Type-Options: nosniff[\r][\n]"
2020-05-27 20:05:01 DEBUG wire:72 -  << "X-Frame-Options: SAMEORIGIN[\r][\n]"
2020-05-27 20:05:01 DEBUG wire:72 -  << "Content-Security-Policy: frame-ancestors 'self'[\r][\n]"
2020-05-27 20:05:01 DEBUG wire:72 -  << "X-ASEN: SEN-L15459316[\r][\n]"
2020-05-27 20:05:01 DEBUG wire:72 -  << "Set-Cookie: atlassian.xsrf.token=B95I-LSYP-ORV9-N06I_9839bb770d7c0f5be092b19de399e3c5590de3cf_lout; Path=/[\r][\n]"
2020-05-27 20:05:01 DEBUG wire:72 -  << "X-AUSERNAME: anonymous[\r][\n]"
2020-05-27 20:05:01 DEBUG wire:72 -  << "Set-Cookie: JSESSIONID=734D6135DDA08B599E940D37A8F716A3; Path=/; HttpOnly[\r][\n]"
2020-05-27 20:05:01 DEBUG wire:72 -  << "X-Seraph-LoginReason: OK[\r][\n]"
2020-05-27 20:05:01 DEBUG wire:72 -  << "Cache-Control: no-cache, no-store, no-transform[\r][\n]"
2020-05-27 20:05:01 DEBUG wire:72 -  << "Content-Encoding: gzip[\r][\n]"
2020-05-27 20:05:01 DEBUG wire:72 -  << "Vary: User-Agent[\r][\n]"
2020-05-27 20:05:01 DEBUG wire:72 -  << "Content-Type: application/json;charset=UTF-8[\r][\n]"
2020-05-27 20:05:01 DEBUG wire:72 -  << "Transfer-Encoding: chunked[\r][\n]"
2020-05-27 20:05:01 DEBUG wire:72 -  << "Date: Thu, 28 May 2020 00:05:01 GMT[\r][\n]"
2020-05-27 20:05:01 DEBUG wire:72 -  << "[\r][\n]"
2020-05-27 20:05:01 DEBUG DefaultClientConnection:261 - Receiving response: HTTP/1.1 200 
2020-05-27 20:05:01 DEBUG headers:264 - << HTTP/1.1 200 
2020-05-27 20:05:01 DEBUG headers:267 - << X-AREQUESTID: 1205x861x1
2020-05-27 20:05:01 DEBUG headers:267 - << X-XSS-Protection: 1; mode=block
2020-05-27 20:05:01 DEBUG headers:267 - << X-Content-Type-Options: nosniff
2020-05-27 20:05:01 DEBUG headers:267 - << X-Frame-Options: SAMEORIGIN
2020-05-27 20:05:01 DEBUG headers:267 - << Content-Security-Policy: frame-ancestors 'self'
2020-05-27 20:05:01 DEBUG headers:267 - << X-ASEN: SEN-L15459316
2020-05-27 20:05:01 DEBUG headers:267 - << Set-Cookie: atlassian.xsrf.token=B95I-LSYP-ORV9-N06I_9839bb770d7c0f5be092b19de399e3c5590de3cf_lout; Path=/
2020-05-27 20:05:01 DEBUG headers:267 - << X-AUSERNAME: anonymous
2020-05-27 20:05:01 DEBUG headers:267 - << Set-Cookie: JSESSIONID=734D6135DDA08B599E940D37A8F716A3; Path=/; HttpOnly
2020-05-27 20:05:01 DEBUG headers:267 - << X-Seraph-LoginReason: OK
2020-05-27 20:05:01 DEBUG headers:267 - << Cache-Control: no-cache, no-store, no-transform
2020-05-27 20:05:01 DEBUG headers:267 - << Content-Encoding: gzip
2020-05-27 20:05:01 DEBUG headers:267 - << Vary: User-Agent
2020-05-27 20:05:01 DEBUG headers:267 - << Content-Type: application/json;charset=UTF-8
2020-05-27 20:05:01 DEBUG headers:267 - << Transfer-Encoding: chunked
2020-05-27 20:05:01 DEBUG headers:267 - << Date: Thu, 28 May 2020 00:05:01 GMT
2020-05-27 20:05:01 DEBUG DefaultHttpClient:511 - Connection can be kept alive indefinitely
2020-05-27 20:05:01 DEBUG RequestSpecificationImpl$RestAssuredHttpBuilder:545 - Parsing response as: application/json;charset=UTF-8
2020-05-27 20:05:01 DEBUG wire:72 -  << "b5[\r][\n]"
2020-05-27 20:05:01 DEBUG wire:86 -  << "[0x1f]"
2020-05-27 20:05:01 DEBUG wire:86 -  << "[0x8b]"
2020-05-27 20:05:01 DEBUG wire:86 -  << "[0x8]"
2020-05-27 20:05:01 DEBUG wire:86 -  << "[0x0]"
2020-05-27 20:05:01 DEBUG wire:86 -  << "[0x0][0x0][0x0][0x0][0x0][0x0]"
2020-05-27 20:05:01 DEBUG RequestSpecificationImpl$RestAssuredHttpBuilder:548 - Parsed data to instance of: class org.apache.http.conn.EofSensorInputStream
2020-05-27 20:05:01 DEBUG Base:78 - io.restassured.internal.RequestSpecificationImpl@7f36662c
2020-05-27 20:05:01 DEBUG wire:86 -  << "t[0x8e]A[0xe][0x82]0[0x14]D[0xef][0xf2][0xd7]@~KKiwh![0xc1][0x18]][0xc0][0x5]H[0x4][0xd3][0x4][c[0x81][\r][0xe1][0xee][0x82][0x92][0xb8]r9/o&3[0x83]o[0xbd]7[0xce][0x82][0x9a][0xc1]6[0x8f][0x16][0x14][0x9c][0xaa][0xbc][0xaa][0xca][0xeb][0xa5][0xd4][0x10][0xc0][0xd4][0xf4][0xe3][0x6]E[0xcc]tBb[0xae]u[0x86][0xe9][0x81]K[0x99]K[0x86]:[0x16]YZ[0x8][0x92]d1,[0x1][0xf4][0xee]nli;[0xb7][0x8d]u[0x8d][0xe9][0xdb][0xdb]yCG7[0xda][0x1][0x14][0x11][0xbb][0xb2]gN[0xd7][0xdc][0xf8][0xa1][0xf8][0x99][0xb5][0xf9]<[0xa0]H1D[0x1e]RQ[0x93]TQT[0x94]GB[0xa6]!2[0xc4][0xf5][0xd3][0xf3][0xd5]N[0xc6][0x8d][0xfe]_E*[0xce][0x14][0x13][0x11][0xa1][0xf4][Y[0x96]7[0x0][0x0][0x0][0xff][0xff]"
2020-05-27 20:05:01 DEBUG wire:72 -  << "[\r][\n]"
2020-05-27 20:05:01 DEBUG wire:72 -  << "a[\r][\n]"
2020-05-27 20:05:01 DEBUG wire:86 -  << "[0x3][0x0][0xa8][0xbb][0xf6][0xf2][0xe8][0x0][0x0][0x0]"
2020-05-27 20:05:01 DEBUG wire:72 -  << "[\r][\n]"
2020-05-27 20:05:01 DEBUG wire:72 -  << "0[\r][\n]"
2020-05-27 20:05:01 DEBUG wire:72 -  << "[\r][\n]"
2020-05-27 20:05:01 DEBUG BasicClientConnectionManager:203 - Releasing connection org.apache.http.impl.conn.ManagedClientConnectionImpl@47f4e407
2020-05-27 20:05:01 DEBUG BasicClientConnectionManager:228 - Connection can be kept alive indefinitely
2020-05-27 20:05:01 INFO  Base:34 - Login Response Body: {"session":{"name":"JSESSIONID","value":"734D6135DDA08B599E940D37A8F716A3"},"loginInfo":{"failedLoginCount":17,"loginCount":52,"lastFailedLoginTime":"2020-05-27T18:20:25.798-0400","previousLoginTime":"2020-05-27T19:54:47.122-0400"}}
2020-05-27 20:05:01 INFO  TestUtils:15 - Converting Response to String
2020-05-27 20:05:01 DEBUG TestUtils:17 - String Response{"session":{"name":"JSESSIONID","value":"734D6135DDA08B599E940D37A8F716A3"},"loginInfo":{"failedLoginCount":17,"loginCount":52,"lastFailedLoginTime":"2020-05-27T18:20:25.798-0400","previousLoginTime":"2020-05-27T19:54:47.122-0400"}}
2020-05-27 20:05:01 INFO  TestUtils:22 - Parsing String Response to JSON
2020-05-27 20:05:01 DEBUG TestUtils:24 - JSON Response: io.restassured.path.json.JsonPath@50ecde95
2020-05-27 20:05:01 INFO  Base:39 - JIRA JSession ID : 734D6135DDA08B599E940D37A8F716A3
2020-05-27 20:05:01 INFO  Base:50 - Inside PayloadConverter function
2020-05-27 20:05:01 INFO  URL:17 - URI End Point : http://localhost:8080/rest/api/2/issue/
2020-05-27 20:05:01 INFO  Base:83 - Inside POSTRequest call
2020-05-27 20:05:01 DEBUG BasicClientConnectionManager:164 - Get connection for route {}->http://localhost:8080
2020-05-27 20:05:01 DEBUG DefaultClientConnectionOperator:176 - Connecting to localhost:8080
2020-05-27 20:05:01 DEBUG RequestAddCookies:122 - CookieSpec selected: ignoreCookies
2020-05-27 20:05:01 DEBUG RequestAuthCache:76 - Auth cache not set in the context
2020-05-27 20:05:01 DEBUG RequestTargetAuthentication:79 - Target auth state: UNCHALLENGED
2020-05-27 20:05:01 DEBUG RequestProxyAuthentication:88 - Proxy auth state: UNCHALLENGED
2020-05-27 20:05:01 DEBUG DefaultHttpClient:684 - Attempt 1 to execute request
2020-05-27 20:05:01 DEBUG DefaultClientConnection:276 - Sending request: POST /rest/api/2/issue/ HTTP/1.1
2020-05-27 20:05:01 DEBUG wire:72 -  >> "POST /rest/api/2/issue/ HTTP/1.1[\r][\n]"
2020-05-27 20:05:01 DEBUG wire:72 -  >> "cookie: JSESSIONID=734D6135DDA08B599E940D37A8F716A3[\r][\n]"
2020-05-27 20:05:01 DEBUG wire:72 -  >> "Accept: */*[\r][\n]"
2020-05-27 20:05:01 DEBUG wire:72 -  >> "Content-Type: application/json; charset=UTF-8[\r][\n]"
2020-05-27 20:05:01 DEBUG wire:72 -  >> "Content-Length: 272[\r][\n]"
2020-05-27 20:05:01 DEBUG wire:72 -  >> "Host: localhost:8080[\r][\n]"
2020-05-27 20:05:01 DEBUG wire:72 -  >> "Connection: Keep-Alive[\r][\n]"
2020-05-27 20:05:01 DEBUG wire:72 -  >> "User-Agent: Apache-HttpClient/4.5.2 (Java/1.8.0_181)[\r][\n]"
2020-05-27 20:05:01 DEBUG wire:72 -  >> "Accept-Encoding: gzip,deflate[\r][\n]"
2020-05-27 20:05:01 DEBUG wire:72 -  >> "[\r][\n]"
2020-05-27 20:05:01 DEBUG headers:280 - >> POST /rest/api/2/issue/ HTTP/1.1
2020-05-27 20:05:01 DEBUG headers:283 - >> cookie: JSESSIONID=734D6135DDA08B599E940D37A8F716A3
2020-05-27 20:05:01 DEBUG headers:283 - >> Accept: */*
2020-05-27 20:05:01 DEBUG headers:283 - >> Content-Type: application/json; charset=UTF-8
2020-05-27 20:05:01 DEBUG headers:283 - >> Content-Length: 272
2020-05-27 20:05:01 DEBUG headers:283 - >> Host: localhost:8080
2020-05-27 20:05:01 DEBUG headers:283 - >> Connection: Keep-Alive
2020-05-27 20:05:01 DEBUG headers:283 - >> User-Agent: Apache-HttpClient/4.5.2 (Java/1.8.0_181)
2020-05-27 20:05:01 DEBUG headers:283 - >> Accept-Encoding: gzip,deflate
2020-05-27 20:05:01 DEBUG wire:72 -  >> "{[\n]"
2020-05-27 20:05:01 DEBUG wire:72 -  >> "  "fields": {[\n]"
2020-05-27 20:05:01 DEBUG wire:72 -  >> "    "project":[\n]"
2020-05-27 20:05:01 DEBUG wire:72 -  >> "    {[\n]"
2020-05-27 20:05:01 DEBUG wire:72 -  >> "      "key": "ABCD"[\n]"
2020-05-27 20:05:01 DEBUG wire:72 -  >> "    },[\n]"
2020-05-27 20:05:01 DEBUG wire:72 -  >> "    "summary": "Class 27 API Testing by rest assured.",[\n]"
2020-05-27 20:05:01 DEBUG wire:72 -  >> "    "description": "Creating of an issue using project keys and issue type names using the REST API",[\n]"
2020-05-27 20:05:01 DEBUG wire:72 -  >> "    "issuetype": {[\n]"
2020-05-27 20:05:01 DEBUG wire:72 -  >> "      "name": "Bug"[\n]"
2020-05-27 20:05:01 DEBUG wire:72 -  >> "    }[\n]"
2020-05-27 20:05:01 DEBUG wire:72 -  >> "  }[\n]"
2020-05-27 20:05:01 DEBUG wire:86 -  >> "}"
2020-05-27 20:05:01 DEBUG wire:72 -  << "HTTP/1.1 201 [\r][\n]"
2020-05-27 20:05:01 DEBUG wire:72 -  << "X-AREQUESTID: 1205x862x1[\r][\n]"
2020-05-27 20:05:01 DEBUG wire:72 -  << "X-ASESSIONID: 1lyhkse[\r][\n]"
2020-05-27 20:05:01 DEBUG wire:72 -  << "X-XSS-Protection: 1; mode=block[\r][\n]"
2020-05-27 20:05:01 DEBUG wire:72 -  << "X-Content-Type-Options: nosniff[\r][\n]"
2020-05-27 20:05:01 DEBUG wire:72 -  << "X-Frame-Options: SAMEORIGIN[\r][\n]"
2020-05-27 20:05:01 DEBUG wire:72 -  << "Content-Security-Policy: frame-ancestors 'self'[\r][\n]"
2020-05-27 20:05:01 DEBUG wire:72 -  << "X-ASEN: SEN-L15459316[\r][\n]"
2020-05-27 20:05:01 DEBUG wire:72 -  << "X-Seraph-LoginReason: OK[\r][\n]"
2020-05-27 20:05:01 DEBUG wire:72 -  << "Set-Cookie: atlassian.xsrf.token=B95I-LSYP-ORV9-N06I_65240f178cff80222cc8479264898bb3fd3da303_lin; Path=/[\r][\n]"
2020-05-27 20:05:01 DEBUG wire:72 -  << "X-AUSERNAME: jahidul2543[\r][\n]"
2020-05-27 20:05:01 DEBUG wire:72 -  << "Cache-Control: no-cache, no-store, no-transform[\r][\n]"
2020-05-27 20:05:01 DEBUG wire:72 -  << "Content-Encoding: gzip[\r][\n]"
2020-05-27 20:05:01 DEBUG wire:72 -  << "Vary: User-Agent[\r][\n]"
2020-05-27 20:05:01 DEBUG wire:72 -  << "Content-Type: application/json;charset=UTF-8[\r][\n]"
2020-05-27 20:05:01 DEBUG wire:72 -  << "Transfer-Encoding: chunked[\r][\n]"
2020-05-27 20:05:01 DEBUG wire:72 -  << "Date: Thu, 28 May 2020 00:05:01 GMT[\r][\n]"
2020-05-27 20:05:01 DEBUG wire:72 -  << "[\r][\n]"
2020-05-27 20:05:01 DEBUG DefaultClientConnection:261 - Receiving response: HTTP/1.1 201 
2020-05-27 20:05:01 DEBUG headers:264 - << HTTP/1.1 201 
2020-05-27 20:05:01 DEBUG headers:267 - << X-AREQUESTID: 1205x862x1
2020-05-27 20:05:01 DEBUG headers:267 - << X-ASESSIONID: 1lyhkse
2020-05-27 20:05:01 DEBUG headers:267 - << X-XSS-Protection: 1; mode=block
2020-05-27 20:05:01 DEBUG headers:267 - << X-Content-Type-Options: nosniff
2020-05-27 20:05:01 DEBUG headers:267 - << X-Frame-Options: SAMEORIGIN
2020-05-27 20:05:01 DEBUG headers:267 - << Content-Security-Policy: frame-ancestors 'self'
2020-05-27 20:05:01 DEBUG headers:267 - << X-ASEN: SEN-L15459316
2020-05-27 20:05:01 DEBUG headers:267 - << X-Seraph-LoginReason: OK
2020-05-27 20:05:01 DEBUG headers:267 - << Set-Cookie: atlassian.xsrf.token=B95I-LSYP-ORV9-N06I_65240f178cff80222cc8479264898bb3fd3da303_lin; Path=/
2020-05-27 20:05:01 DEBUG headers:267 - << X-AUSERNAME: jahidul2543
2020-05-27 20:05:01 DEBUG headers:267 - << Cache-Control: no-cache, no-store, no-transform
2020-05-27 20:05:01 DEBUG headers:267 - << Content-Encoding: gzip
2020-05-27 20:05:01 DEBUG headers:267 - << Vary: User-Agent
2020-05-27 20:05:01 DEBUG headers:267 - << Content-Type: application/json;charset=UTF-8
2020-05-27 20:05:01 DEBUG headers:267 - << Transfer-Encoding: chunked
2020-05-27 20:05:01 DEBUG headers:267 - << Date: Thu, 28 May 2020 00:05:01 GMT
2020-05-27 20:05:01 DEBUG DefaultHttpClient:511 - Connection can be kept alive indefinitely
2020-05-27 20:05:01 DEBUG RequestSpecificationImpl$RestAssuredHttpBuilder:545 - Parsing response as: application/json;charset=UTF-8
2020-05-27 20:05:01 DEBUG wire:72 -  << "5d[\r][\n]"
2020-05-27 20:05:01 DEBUG wire:86 -  << "[0x1f]"
2020-05-27 20:05:01 DEBUG wire:86 -  << "[0x8b]"
2020-05-27 20:05:01 DEBUG wire:86 -  << "[0x8]"
2020-05-27 20:05:01 DEBUG wire:86 -  << "[0x0]"
2020-05-27 20:05:01 DEBUG wire:86 -  << "[0x0][0x0][0x0][0x0][0x0][0x0]"
2020-05-27 20:05:01 DEBUG RequestSpecificationImpl$RestAssuredHttpBuilder:548 - Parsed data to instance of: class org.apache.http.conn.EofSensorInputStream
2020-05-27 20:05:01 DEBUG Base:88 - Post Request Specificationsio.restassured.internal.RequestSpecificationImpl@132ddbab
2020-05-27 20:05:01 INFO  TestUtils:37 - Getting Response Code
2020-05-27 20:05:01 INFO  TestUtils:39 - Status Code: 201
2020-05-27 20:05:01 DEBUG BasicClientConnectionManager:164 - Get connection for route {}->http://localhost:8080
2020-05-27 20:05:01 DEBUG DefaultClientConnectionOperator:176 - Connecting to localhost:8080
2020-05-27 20:05:01 DEBUG RequestAddCookies:122 - CookieSpec selected: ignoreCookies
2020-05-27 20:05:01 DEBUG RequestAuthCache:76 - Auth cache not set in the context
2020-05-27 20:05:01 DEBUG RequestTargetAuthentication:79 - Target auth state: UNCHALLENGED
2020-05-27 20:05:01 DEBUG RequestProxyAuthentication:88 - Proxy auth state: UNCHALLENGED
2020-05-27 20:05:01 DEBUG DefaultHttpClient:684 - Attempt 1 to execute request
2020-05-27 20:05:01 DEBUG DefaultClientConnection:276 - Sending request: POST /rest/auth/1/session HTTP/1.1
2020-05-27 20:05:01 DEBUG wire:72 -  >> "POST /rest/auth/1/session HTTP/1.1[\r][\n]"
2020-05-27 20:05:01 DEBUG wire:72 -  >> "Accept: */*[\r][\n]"
2020-05-27 20:05:01 DEBUG wire:72 -  >> "Content-Type: application/json; charset=UTF-8[\r][\n]"
2020-05-27 20:05:01 DEBUG wire:72 -  >> "Content-Length: 51[\r][\n]"
2020-05-27 20:05:01 DEBUG wire:72 -  >> "Host: localhost:8080[\r][\n]"
2020-05-27 20:05:01 DEBUG wire:72 -  >> "Connection: Keep-Alive[\r][\n]"
2020-05-27 20:05:01 DEBUG wire:72 -  >> "User-Agent: Apache-HttpClient/4.5.2 (Java/1.8.0_181)[\r][\n]"
2020-05-27 20:05:01 DEBUG wire:72 -  >> "Accept-Encoding: gzip,deflate[\r][\n]"
2020-05-27 20:05:01 DEBUG wire:72 -  >> "[\r][\n]"
2020-05-27 20:05:01 DEBUG headers:280 - >> POST /rest/auth/1/session HTTP/1.1
2020-05-27 20:05:01 DEBUG headers:283 - >> Accept: */*
2020-05-27 20:05:01 DEBUG headers:283 - >> Content-Type: application/json; charset=UTF-8
2020-05-27 20:05:01 DEBUG headers:283 - >> Content-Length: 51
2020-05-27 20:05:01 DEBUG headers:283 - >> Host: localhost:8080
2020-05-27 20:05:01 DEBUG headers:283 - >> Connection: Keep-Alive
2020-05-27 20:05:01 DEBUG headers:283 - >> User-Agent: Apache-HttpClient/4.5.2 (Java/1.8.0_181)
2020-05-27 20:05:01 DEBUG headers:283 - >> Accept-Encoding: gzip,deflate
2020-05-27 20:05:01 DEBUG wire:72 -  >> "{[\n]"
2020-05-27 20:05:01 DEBUG wire:72 -  >> "  "username":"jahidul2543",[\n]"
2020-05-27 20:05:01 DEBUG wire:72 -  >> "  "password":"test"[\n]"
2020-05-27 20:05:01 DEBUG wire:86 -  >> "}"
2020-05-27 20:05:02 DEBUG wire:72 -  << "HTTP/1.1 200 [\r][\n]"
2020-05-27 20:05:02 DEBUG wire:72 -  << "X-AREQUESTID: 1205x863x1[\r][\n]"
2020-05-27 20:05:02 DEBUG wire:72 -  << "X-XSS-Protection: 1; mode=block[\r][\n]"
2020-05-27 20:05:02 DEBUG wire:72 -  << "X-Content-Type-Options: nosniff[\r][\n]"
2020-05-27 20:05:02 DEBUG wire:72 -  << "X-Frame-Options: SAMEORIGIN[\r][\n]"
2020-05-27 20:05:02 DEBUG wire:72 -  << "Content-Security-Policy: frame-ancestors 'self'[\r][\n]"
2020-05-27 20:05:02 DEBUG wire:72 -  << "X-ASEN: SEN-L15459316[\r][\n]"
2020-05-27 20:05:02 DEBUG wire:72 -  << "Set-Cookie: atlassian.xsrf.token=B95I-LSYP-ORV9-N06I_a1539161fb6c98e04960b44c956d4e2dd19413ba_lout; Path=/[\r][\n]"
2020-05-27 20:05:02 DEBUG wire:72 -  << "X-AUSERNAME: anonymous[\r][\n]"
2020-05-27 20:05:02 DEBUG wire:72 -  << "Set-Cookie: JSESSIONID=5EAF6A0A3BC6E54DE6C6F37B36F23ECB; Path=/; HttpOnly[\r][\n]"
2020-05-27 20:05:02 DEBUG wire:72 -  << "X-Seraph-LoginReason: OK[\r][\n]"
2020-05-27 20:05:02 DEBUG wire:72 -  << "Cache-Control: no-cache, no-store, no-transform[\r][\n]"
2020-05-27 20:05:02 DEBUG wire:72 -  << "Content-Encoding: gzip[\r][\n]"
2020-05-27 20:05:02 DEBUG wire:72 -  << "Vary: User-Agent[\r][\n]"
2020-05-27 20:05:02 DEBUG wire:72 -  << "Content-Type: application/json;charset=UTF-8[\r][\n]"
2020-05-27 20:05:02 DEBUG wire:72 -  << "Transfer-Encoding: chunked[\r][\n]"
2020-05-27 20:05:02 DEBUG wire:72 -  << "Date: Thu, 28 May 2020 00:05:01 GMT[\r][\n]"
2020-05-27 20:05:02 DEBUG wire:72 -  << "[\r][\n]"
2020-05-27 20:05:02 DEBUG DefaultClientConnection:261 - Receiving response: HTTP/1.1 200 
2020-05-27 20:05:02 DEBUG headers:264 - << HTTP/1.1 200 
2020-05-27 20:05:02 DEBUG headers:267 - << X-AREQUESTID: 1205x863x1
2020-05-27 20:05:02 DEBUG headers:267 - << X-XSS-Protection: 1; mode=block
2020-05-27 20:05:02 DEBUG headers:267 - << X-Content-Type-Options: nosniff
2020-05-27 20:05:02 DEBUG headers:267 - << X-Frame-Options: SAMEORIGIN
2020-05-27 20:05:02 DEBUG headers:267 - << Content-Security-Policy: frame-ancestors 'self'
2020-05-27 20:05:02 DEBUG headers:267 - << X-ASEN: SEN-L15459316
2020-05-27 20:05:02 DEBUG headers:267 - << Set-Cookie: atlassian.xsrf.token=B95I-LSYP-ORV9-N06I_a1539161fb6c98e04960b44c956d4e2dd19413ba_lout; Path=/
2020-05-27 20:05:02 DEBUG headers:267 - << X-AUSERNAME: anonymous
2020-05-27 20:05:02 DEBUG headers:267 - << Set-Cookie: JSESSIONID=5EAF6A0A3BC6E54DE6C6F37B36F23ECB; Path=/; HttpOnly
2020-05-27 20:05:02 DEBUG headers:267 - << X-Seraph-LoginReason: OK
2020-05-27 20:05:02 DEBUG headers:267 - << Cache-Control: no-cache, no-store, no-transform
2020-05-27 20:05:02 DEBUG headers:267 - << Content-Encoding: gzip
2020-05-27 20:05:02 DEBUG headers:267 - << Vary: User-Agent
2020-05-27 20:05:02 DEBUG headers:267 - << Content-Type: application/json;charset=UTF-8
2020-05-27 20:05:02 DEBUG headers:267 - << Transfer-Encoding: chunked
2020-05-27 20:05:02 DEBUG headers:267 - << Date: Thu, 28 May 2020 00:05:01 GMT
2020-05-27 20:05:02 DEBUG DefaultHttpClient:511 - Connection can be kept alive indefinitely
2020-05-27 20:05:02 DEBUG RequestSpecificationImpl$RestAssuredHttpBuilder:545 - Parsing response as: application/json;charset=UTF-8
2020-05-27 20:05:02 DEBUG wire:72 -  << "b5[\r][\n]"
2020-05-27 20:05:02 DEBUG wire:86 -  << "[0x1f]"
2020-05-27 20:05:02 DEBUG wire:86 -  << "[0x8b]"
2020-05-27 20:05:02 DEBUG wire:86 -  << "[0x8]"
2020-05-27 20:05:02 DEBUG wire:86 -  << "[0x0]"
2020-05-27 20:05:02 DEBUG wire:86 -  << "[0x0][0x0][0x0][0x0][0x0][0x0]"
2020-05-27 20:05:02 DEBUG RequestSpecificationImpl$RestAssuredHttpBuilder:548 - Parsed data to instance of: class org.apache.http.conn.EofSensorInputStream
2020-05-27 20:05:02 DEBUG wire:86 -  << "t[0x8e]A[0xe][0x82]0[0x14]D[0xef][0xf2][0xd7]@~[Z[0xb0];(%[0xc1][0x18]][0xe0][0x5]H[0x4][0xd3][0x4][c[0x81][\r][0xe1][0xee][0x82][0x92][0xb8]r9[0x93][0xf7]&3[0x83]o[0xbd]7[0xce][0x82][0x9c][0xc1]6[0x8f][0x16]$[0x1c]k][0xd7][0xd5][0xe5]\[0x15][0x10][0xc0][0xd4][0xf4][0xe3]Vr[0x9d][0x95]"[0xc3][0x8c][0xe5]Jh[0x1e][0x17]Z(Q[0xb2]$g[0xa2][0xa4]L[0xab][0x1c][0x96][0x0]zw7[0xb6][0xb2][0x9d][0xdb][0xc6][0xba][0xc6][0xf4][0xed][0xed][0xb4]U[0xca][0x8d]v[0x0]I[0x92][0x1d][0xd9]3gkn[0xfc]P[0xfe][0xc8][0xab][0xf9]<[0xa0]H1D[0x1e][0xd2][0xe4]JRIQR[0x1e]%[0x87]4[0xc4][0x18]q[0xfd][0xf4]|[0xb5][0x93]q[0xa3][0xff][0xa3][0xac]<r[0x89]$b[0x84]|[0x95]ey[0x3][0x0][0x0][0xff][0xff]"
2020-05-27 20:05:02 DEBUG wire:72 -  << "[\r][\n]"
2020-05-27 20:05:02 DEBUG wire:72 -  << "a[\r][\n]"
2020-05-27 20:05:02 DEBUG wire:86 -  << "[0x3][0x0][0x1d][0xf1]r[0xe1][0xe8][0x0][0x0][0x0]"
2020-05-27 20:05:02 DEBUG wire:72 -  << "[\r][\n]"
2020-05-27 20:05:02 DEBUG wire:72 -  << "0[\r][\n]"
2020-05-27 20:05:02 DEBUG wire:72 -  << "[\r][\n]"
2020-05-27 20:05:02 DEBUG BasicClientConnectionManager:203 - Releasing connection org.apache.http.impl.conn.ManagedClientConnectionImpl@569bf9eb
2020-05-27 20:05:02 DEBUG BasicClientConnectionManager:228 - Connection can be kept alive indefinitely
2020-05-27 20:05:02 DEBUG BasicClientConnectionManager:164 - Get connection for route {}->http://localhost:8080
2020-05-27 20:05:02 DEBUG DefaultClientConnectionOperator:176 - Connecting to localhost:8080
2020-05-27 20:05:02 DEBUG RequestAddCookies:122 - CookieSpec selected: ignoreCookies
2020-05-27 20:05:02 DEBUG RequestAuthCache:76 - Auth cache not set in the context
2020-05-27 20:05:02 DEBUG RequestTargetAuthentication:79 - Target auth state: UNCHALLENGED
2020-05-27 20:05:02 DEBUG RequestProxyAuthentication:88 - Proxy auth state: UNCHALLENGED
2020-05-27 20:05:02 DEBUG DefaultHttpClient:684 - Attempt 1 to execute request
2020-05-27 20:05:02 DEBUG DefaultClientConnection:276 - Sending request: POST /rest/api/2/issue/ HTTP/1.1
2020-05-27 20:05:02 DEBUG wire:72 -  >> "POST /rest/api/2/issue/ HTTP/1.1[\r][\n]"
2020-05-27 20:05:02 DEBUG wire:72 -  >> "Cookie: JSESSIONID=5EAF6A0A3BC6E54DE6C6F37B36F23ECB[\r][\n]"
2020-05-27 20:05:02 DEBUG wire:72 -  >> "Accept: */*[\r][\n]"
2020-05-27 20:05:02 DEBUG wire:72 -  >> "Content-Type: application/json; charset=UTF-8[\r][\n]"
2020-05-27 20:05:02 DEBUG wire:72 -  >> "Content-Length: 272[\r][\n]"
2020-05-27 20:05:02 DEBUG wire:72 -  >> "Host: localhost:8080[\r][\n]"
2020-05-27 20:05:02 DEBUG wire:72 -  >> "Connection: Keep-Alive[\r][\n]"
2020-05-27 20:05:02 DEBUG wire:72 -  >> "User-Agent: Apache-HttpClient/4.5.2 (Java/1.8.0_181)[\r][\n]"
2020-05-27 20:05:02 DEBUG wire:72 -  >> "Accept-Encoding: gzip,deflate[\r][\n]"
2020-05-27 20:05:02 DEBUG wire:72 -  >> "[\r][\n]"
2020-05-27 20:05:02 DEBUG headers:280 - >> POST /rest/api/2/issue/ HTTP/1.1
2020-05-27 20:05:02 DEBUG headers:283 - >> Cookie: JSESSIONID=5EAF6A0A3BC6E54DE6C6F37B36F23ECB
2020-05-27 20:05:02 DEBUG headers:283 - >> Accept: */*
2020-05-27 20:05:02 DEBUG headers:283 - >> Content-Type: application/json; charset=UTF-8
2020-05-27 20:05:02 DEBUG headers:283 - >> Content-Length: 272
2020-05-27 20:05:02 DEBUG headers:283 - >> Host: localhost:8080
2020-05-27 20:05:02 DEBUG headers:283 - >> Connection: Keep-Alive
2020-05-27 20:05:02 DEBUG headers:283 - >> User-Agent: Apache-HttpClient/4.5.2 (Java/1.8.0_181)
2020-05-27 20:05:02 DEBUG headers:283 - >> Accept-Encoding: gzip,deflate
2020-05-27 20:05:02 DEBUG wire:72 -  >> "{[\n]"
2020-05-27 20:05:02 DEBUG wire:72 -  >> "  "fields": {[\n]"
2020-05-27 20:05:02 DEBUG wire:72 -  >> "    "project":[\n]"
2020-05-27 20:05:02 DEBUG wire:72 -  >> "    {[\n]"
2020-05-27 20:05:02 DEBUG wire:72 -  >> "      "key": "ABCD"[\n]"
2020-05-27 20:05:02 DEBUG wire:72 -  >> "    },[\n]"
2020-05-27 20:05:02 DEBUG wire:72 -  >> "    "summary": "Class 27 API Testing by rest assured.",[\n]"
2020-05-27 20:05:02 DEBUG wire:72 -  >> "    "description": "Creating of an issue using project keys and issue type names using the REST API",[\n]"
2020-05-27 20:05:02 DEBUG wire:72 -  >> "    "issuetype": {[\n]"
2020-05-27 20:05:02 DEBUG wire:72 -  >> "      "name": "Bug"[\n]"
2020-05-27 20:05:02 DEBUG wire:72 -  >> "    }[\n]"
2020-05-27 20:05:02 DEBUG wire:72 -  >> "  }[\n]"
2020-05-27 20:05:02 DEBUG wire:86 -  >> "}"
2020-05-27 20:05:02 DEBUG wire:72 -  << "HTTP/1.1 201 [\r][\n]"
2020-05-27 20:05:02 DEBUG wire:72 -  << "X-AREQUESTID: 1205x864x1[\r][\n]"
2020-05-27 20:05:02 DEBUG wire:72 -  << "X-ASESSIONID: mbolbv[\r][\n]"
2020-05-27 20:05:02 DEBUG wire:72 -  << "X-XSS-Protection: 1; mode=block[\r][\n]"
2020-05-27 20:05:02 DEBUG wire:72 -  << "X-Content-Type-Options: nosniff[\r][\n]"
2020-05-27 20:05:02 DEBUG wire:72 -  << "X-Frame-Options: SAMEORIGIN[\r][\n]"
2020-05-27 20:05:02 DEBUG wire:72 -  << "Content-Security-Policy: frame-ancestors 'self'[\r][\n]"
2020-05-27 20:05:02 DEBUG wire:72 -  << "X-ASEN: SEN-L15459316[\r][\n]"
2020-05-27 20:05:02 DEBUG wire:72 -  << "X-Seraph-LoginReason: OK[\r][\n]"
2020-05-27 20:05:02 DEBUG wire:72 -  << "Set-Cookie: atlassian.xsrf.token=B95I-LSYP-ORV9-N06I_92189099f8816bab33489fe96381f7e9308fffb9_lin; Path=/[\r][\n]"
2020-05-27 20:05:02 DEBUG wire:72 -  << "X-AUSERNAME: jahidul2543[\r][\n]"
2020-05-27 20:05:02 DEBUG wire:72 -  << "Cache-Control: no-cache, no-store, no-transform[\r][\n]"
2020-05-27 20:05:02 DEBUG wire:72 -  << "Content-Encoding: gzip[\r][\n]"
2020-05-27 20:05:02 DEBUG wire:72 -  << "Vary: User-Agent[\r][\n]"
2020-05-27 20:05:02 DEBUG wire:72 -  << "Content-Type: application/json;charset=UTF-8[\r][\n]"
2020-05-27 20:05:02 DEBUG wire:72 -  << "Transfer-Encoding: chunked[\r][\n]"
2020-05-27 20:05:02 DEBUG wire:72 -  << "Date: Thu, 28 May 2020 00:05:01 GMT[\r][\n]"
2020-05-27 20:05:02 DEBUG wire:72 -  << "[\r][\n]"
2020-05-27 20:05:02 DEBUG DefaultClientConnection:261 - Receiving response: HTTP/1.1 201 
2020-05-27 20:05:02 DEBUG headers:264 - << HTTP/1.1 201 
2020-05-27 20:05:02 DEBUG headers:267 - << X-AREQUESTID: 1205x864x1
2020-05-27 20:05:02 DEBUG headers:267 - << X-ASESSIONID: mbolbv
2020-05-27 20:05:02 DEBUG headers:267 - << X-XSS-Protection: 1; mode=block
2020-05-27 20:05:02 DEBUG headers:267 - << X-Content-Type-Options: nosniff
2020-05-27 20:05:02 DEBUG headers:267 - << X-Frame-Options: SAMEORIGIN
2020-05-27 20:05:02 DEBUG headers:267 - << Content-Security-Policy: frame-ancestors 'self'
2020-05-27 20:05:02 DEBUG headers:267 - << X-ASEN: SEN-L15459316
2020-05-27 20:05:02 DEBUG headers:267 - << X-Seraph-LoginReason: OK
2020-05-27 20:05:02 DEBUG headers:267 - << Set-Cookie: atlassian.xsrf.token=B95I-LSYP-ORV9-N06I_92189099f8816bab33489fe96381f7e9308fffb9_lin; Path=/
2020-05-27 20:05:02 DEBUG headers:267 - << X-AUSERNAME: jahidul2543
2020-05-27 20:05:02 DEBUG headers:267 - << Cache-Control: no-cache, no-store, no-transform
2020-05-27 20:05:02 DEBUG headers:267 - << Content-Encoding: gzip
2020-05-27 20:05:02 DEBUG headers:267 - << Vary: User-Agent
2020-05-27 20:05:02 DEBUG headers:267 - << Content-Type: application/json;charset=UTF-8
2020-05-27 20:05:02 DEBUG headers:267 - << Transfer-Encoding: chunked
2020-05-27 20:05:02 DEBUG headers:267 - << Date: Thu, 28 May 2020 00:05:01 GMT
2020-05-27 20:05:02 DEBUG DefaultHttpClient:511 - Connection can be kept alive indefinitely
2020-05-27 20:05:02 DEBUG RequestSpecificationImpl$RestAssuredHttpBuilder:545 - Parsing response as: application/json;charset=UTF-8
2020-05-27 20:05:02 DEBUG wire:72 -  << "5d[\r][\n]"
2020-05-27 20:05:02 DEBUG wire:86 -  << "[0x1f]"
2020-05-27 20:05:02 DEBUG wire:86 -  << "[0x8b]"
2020-05-27 20:05:02 DEBUG wire:86 -  << "[0x8]"
2020-05-27 20:05:02 DEBUG wire:86 -  << "[0x0]"
2020-05-27 20:05:02 DEBUG wire:86 -  << "[0x0][0x0][0x0][0x0][0x0][0x0]"
2020-05-27 20:05:02 DEBUG RequestSpecificationImpl$RestAssuredHttpBuilder:548 - Parsed data to instance of: class org.apache.http.conn.EofSensorInputStream
2020-05-27 20:05:02 DEBUG wire:86 -  << "[0xaa]V[0xca]LQ[0xb2]R24044S[0xd2]Q[0xca]N[0xad][0x4][0xf2][0x1c][0x9d][0x9c]]t[\r][0xcd][0x81][0xfc][0xe2][0xd4][0x9c]4[0xa0]@FII[0x81][0x95][0xbe]~N~rbNF~q[0x89][0x95][0x85][0x81][0x85][0x81]~Qjq[0x89]~bA[0xa6][0xbe][0x91]~fqqi[0xaa]>[0xc4][0x94]Z[0x0][0x0][0x0][0x0][0xff][0xff]"
2020-05-27 20:05:02 DEBUG wire:72 -  << "[\r][\n]"
2020-05-27 20:05:02 DEBUG wire:72 -  << "a[\r][\n]"
2020-05-27 20:05:02 DEBUG wire:86 -  << "[0x3][0x0][0xc3]U[0x83][0xc9]T[0x0][0x0][0x0]"
2020-05-27 20:05:02 DEBUG wire:72 -  << "[\r][\n]"
2020-05-27 20:05:02 DEBUG wire:72 -  << "0[\r][\n]"
2020-05-27 20:05:02 DEBUG wire:72 -  << "[\r][\n]"
2020-05-27 20:05:02 DEBUG BasicClientConnectionManager:203 - Releasing connection org.apache.http.impl.conn.ManagedClientConnectionImpl@4a9f80d3
2020-05-27 20:05:02 DEBUG BasicClientConnectionManager:228 - Connection can be kept alive indefinitely
